{"/home/engine/project/config/constants.js": {"path":"/home/engine/project/config/constants.js","statementMap":{"0":{"start":{"line":1,"column":0},"end":{"line":20,"column":2}}},"fnMap":{},"branchMap":{},"s":{"0":1},"f":{},"b":{},"_coverageSchema":"1a1c01bbd47fc00a2c39e90264f33305004495a9","hash":"cdd88d3e6771f8ff8e4426d1cdfedc17dc01f97e"}
,"/home/engine/project/config/database.js": {"path":"/home/engine/project/config/database.js","statementMap":{"0":{"start":{"line":1,"column":17},"end":{"line":1,"column":30}},"1":{"start":{"line":2,"column":0},"end":{"line":2,"column":27}},"2":{"start":{"line":4,"column":13},"end":{"line":10,"column":2}},"3":{"start":{"line":12,"column":14},"end":{"line":25,"column":1}},"4":{"start":{"line":13,"column":16},"end":{"line":13,"column":26}},"5":{"start":{"line":14,"column":2},"end":{"line":24,"column":3}},"6":{"start":{"line":15,"column":16},"end":{"line":15,"column":46}},"7":{"start":{"line":16,"column":21},"end":{"line":16,"column":39}},"8":{"start":{"line":17,"column":4},"end":{"line":19,"column":5}},"9":{"start":{"line":18,"column":6},"end":{"line":18,"column":76}},"10":{"start":{"line":20,"column":4},"end":{"line":20,"column":15}},"11":{"start":{"line":22,"column":4},"end":{"line":22,"column":50}},"12":{"start":{"line":23,"column":4},"end":{"line":23,"column":16}},"13":{"start":{"line":27,"column":20},"end":{"line":40,"column":1}},"14":{"start":{"line":28,"column":17},"end":{"line":28,"column":37}},"15":{"start":{"line":29,"column":2},"end":{"line":39,"column":3}},"16":{"start":{"line":30,"column":4},"end":{"line":30,"column":32}},"17":{"start":{"line":31,"column":19},"end":{"line":31,"column":41}},"18":{"start":{"line":32,"column":4},"end":{"line":32,"column":33}},"19":{"start":{"line":33,"column":4},"end":{"line":33,"column":18}},"20":{"start":{"line":35,"column":4},"end":{"line":35,"column":35}},"21":{"start":{"line":36,"column":4},"end":{"line":36,"column":16}},"22":{"start":{"line":38,"column":4},"end":{"line":38,"column":21}},"23":{"start":{"line":42,"column":23},"end":{"line":51,"column":1}},"24":{"start":{"line":43,"column":2},"end":{"line":50,"column":3}},"25":{"start":{"line":44,"column":4},"end":{"line":44,"column":32}},"26":{"start":{"line":45,"column":4},"end":{"line":45,"column":53}},"27":{"start":{"line":46,"column":4},"end":{"line":46,"column":16}},"28":{"start":{"line":48,"column":4},"end":{"line":48,"column":71}},"29":{"start":{"line":49,"column":4},"end":{"line":49,"column":17}},"30":{"start":{"line":53,"column":0},"end":{"line":58,"column":2}}},"fnMap":{"0":{"name":"(anonymous_0)","decl":{"start":{"line":12,"column":14},"end":{"line":12,"column":15}},"loc":{"start":{"line":12,"column":38},"end":{"line":25,"column":1}},"line":12},"1":{"name":"(anonymous_1)","decl":{"start":{"line":27,"column":20},"end":{"line":27,"column":21}},"loc":{"start":{"line":27,"column":40},"end":{"line":40,"column":1}},"line":27},"2":{"name":"(anonymous_2)","decl":{"start":{"line":42,"column":23},"end":{"line":42,"column":24}},"loc":{"start":{"line":42,"column":35},"end":{"line":51,"column":1}},"line":42}},"branchMap":{"0":{"loc":{"start":{"line":17,"column":4},"end":{"line":19,"column":5}},"type":"if","locations":[{"start":{"line":17,"column":4},"end":{"line":19,"column":5}},{"start":{},"end":{}}],"line":17}},"s":{"0":1,"1":1,"2":1,"3":1,"4":5,"5":5,"6":5,"7":3,"8":3,"9":1,"10":3,"11":2,"12":2,"13":1,"14":2,"15":2,"16":2,"17":2,"18":1,"19":1,"20":1,"21":1,"22":2,"23":1,"24":2,"25":2,"26":1,"27":1,"28":1,"29":1,"30":1},"f":{"0":5,"1":2,"2":2},"b":{"0":[1,2]},"_coverageSchema":"1a1c01bbd47fc00a2c39e90264f33305004495a9","hash":"94ff83b31735afe4fff8509cb1a3d95f5dcdc576"}
,"/home/engine/project/config/jwt.js": {"path":"/home/engine/project/config/jwt.js","statementMap":{"0":{"start":{"line":1,"column":0},"end":{"line":1,"column":27}},"1":{"start":{"line":3,"column":0},"end":{"line":7,"column":2}}},"fnMap":{},"branchMap":{"0":{"loc":{"start":{"line":4,"column":10},"end":{"line":4,"column":72}},"type":"binary-expr","locations":[{"start":{"line":4,"column":10},"end":{"line":4,"column":32}},{"start":{"line":4,"column":36},"end":{"line":4,"column":72}}],"line":4},"1":{"loc":{"start":{"line":5,"column":13},"end":{"line":5,"column":43}},"type":"binary-expr","locations":[{"start":{"line":5,"column":13},"end":{"line":5,"column":35}},{"start":{"line":5,"column":39},"end":{"line":5,"column":43}}],"line":5},"2":{"loc":{"start":{"line":6,"column":16},"end":{"line":6,"column":57}},"type":"binary-expr","locations":[{"start":{"line":6,"column":16},"end":{"line":6,"column":51}},{"start":{"line":6,"column":55},"end":{"line":6,"column":57}}],"line":6}},"s":{"0":1,"1":1},"f":{},"b":{"0":[1,0],"1":[1,0],"2":[1,0]},"_coverageSchema":"1a1c01bbd47fc00a2c39e90264f33305004495a9","hash":"74aba2cbf1dd98d0b03620b67c1194980838ef85"}
,"/home/engine/project/controllers/authController.js": {"path":"/home/engine/project/controllers/authController.js","statementMap":{"0":{"start":{"line":1,"column":15},"end":{"line":1,"column":34}},"1":{"start":{"line":2,"column":12},"end":{"line":2,"column":35}},"2":{"start":{"line":3,"column":11},"end":{"line":3,"column":40}},"3":{"start":{"line":4,"column":33},"end":{"line":4,"column":70}},"4":{"start":{"line":5,"column":17},"end":{"line":5,"column":44}},"5":{"start":{"line":6,"column":18},"end":{"line":6,"column":48}},"6":{"start":{"line":7,"column":18},"end":{"line":7,"column":42}},"7":{"start":{"line":9,"column":17},"end":{"line":54,"column":2}},"8":{"start":{"line":10,"column":47},"end":{"line":10,"column":55}},"9":{"start":{"line":11,"column":15},"end":{"line":11,"column":84}},"10":{"start":{"line":14,"column":2},"end":{"line":16,"column":3}},"11":{"start":{"line":15,"column":4},"end":{"line":15,"column":92}},"12":{"start":{"line":19,"column":2},"end":{"line":21,"column":3}},"13":{"start":{"line":20,"column":4},"end":{"line":20,"column":86}},"14":{"start":{"line":24,"column":23},"end":{"line":24,"column":87}},"15":{"start":{"line":25,"column":2},"end":{"line":27,"column":3}},"16":{"start":{"line":26,"column":4},"end":{"line":26,"column":92}},"17":{"start":{"line":30,"column":25},"end":{"line":30,"column":56}},"18":{"start":{"line":33,"column":19},"end":{"line":33,"column":38}},"19":{"start":{"line":34,"column":18},"end":{"line":37,"column":3}},"20":{"start":{"line":40,"column":16},"end":{"line":44,"column":3}},"21":{"start":{"line":46,"column":2},"end":{"line":53,"column":5}},"22":{"start":{"line":56,"column":14},"end":{"line":100,"column":2}},"23":{"start":{"line":57,"column":30},"end":{"line":57,"column":38}},"24":{"start":{"line":58,"column":15},"end":{"line":58,"column":84}},"25":{"start":{"line":60,"column":2},"end":{"line":62,"column":3}},"26":{"start":{"line":61,"column":4},"end":{"line":61,"column":98}},"27":{"start":{"line":64,"column":17},"end":{"line":67,"column":3}},"28":{"start":{"line":69,"column":15},"end":{"line":69,"column":29}},"29":{"start":{"line":71,"column":2},"end":{"line":73,"column":3}},"30":{"start":{"line":72,"column":4},"end":{"line":72,"column":98}},"31":{"start":{"line":75,"column":2},"end":{"line":77,"column":3}},"32":{"start":{"line":76,"column":4},"end":{"line":76,"column":86}},"33":{"start":{"line":80,"column":2},"end":{"line":80,"column":81}},"34":{"start":{"line":83,"column":16},"end":{"line":87,"column":3}},"35":{"start":{"line":90,"column":2},"end":{"line":90,"column":23}},"36":{"start":{"line":92,"column":2},"end":{"line":99,"column":5}},"37":{"start":{"line":102,"column":0},"end":{"line":105,"column":2}}},"fnMap":{"0":{"name":"(anonymous_0)","decl":{"start":{"line":9,"column":28},"end":{"line":9,"column":29}},"loc":{"start":{"line":9,"column":54},"end":{"line":54,"column":1}},"line":9},"1":{"name":"(anonymous_1)","decl":{"start":{"line":56,"column":25},"end":{"line":56,"column":26}},"loc":{"start":{"line":56,"column":51},"end":{"line":100,"column":1}},"line":56}},"branchMap":{"0":{"loc":{"start":{"line":11,"column":15},"end":{"line":11,"column":84}},"type":"cond-expr","locations":[{"start":{"line":11,"column":66},"end":{"line":11,"column":72}},{"start":{"line":11,"column":75},"end":{"line":11,"column":84}}],"line":11},"1":{"loc":{"start":{"line":14,"column":2},"end":{"line":16,"column":3}},"type":"if","locations":[{"start":{"line":14,"column":2},"end":{"line":16,"column":3}},{"start":{},"end":{}}],"line":14},"2":{"loc":{"start":{"line":14,"column":6},"end":{"line":14,"column":39}},"type":"binary-expr","locations":[{"start":{"line":14,"column":6},"end":{"line":14,"column":16}},{"start":{"line":14,"column":20},"end":{"line":14,"column":26}},{"start":{"line":14,"column":30},"end":{"line":14,"column":39}}],"line":14},"3":{"loc":{"start":{"line":19,"column":2},"end":{"line":21,"column":3}},"type":"if","locations":[{"start":{"line":19,"column":2},"end":{"line":21,"column":3}},{"start":{},"end":{}}],"line":19},"4":{"loc":{"start":{"line":25,"column":2},"end":{"line":27,"column":3}},"type":"if","locations":[{"start":{"line":25,"column":2},"end":{"line":27,"column":3}},{"start":{},"end":{}}],"line":25},"5":{"loc":{"start":{"line":33,"column":19},"end":{"line":33,"column":38}},"type":"binary-expr","locations":[{"start":{"line":33,"column":19},"end":{"line":33,"column":23}},{"start":{"line":33,"column":27},"end":{"line":33,"column":38}}],"line":33},"6":{"loc":{"start":{"line":58,"column":15},"end":{"line":58,"column":84}},"type":"cond-expr","locations":[{"start":{"line":58,"column":66},"end":{"line":58,"column":72}},{"start":{"line":58,"column":75},"end":{"line":58,"column":84}}],"line":58},"7":{"loc":{"start":{"line":60,"column":2},"end":{"line":62,"column":3}},"type":"if","locations":[{"start":{"line":60,"column":2},"end":{"line":62,"column":3}},{"start":{},"end":{}}],"line":60},"8":{"loc":{"start":{"line":60,"column":6},"end":{"line":60,"column":25}},"type":"binary-expr","locations":[{"start":{"line":60,"column":6},"end":{"line":60,"column":12}},{"start":{"line":60,"column":16},"end":{"line":60,"column":25}}],"line":60},"9":{"loc":{"start":{"line":71,"column":2},"end":{"line":73,"column":3}},"type":"if","locations":[{"start":{"line":71,"column":2},"end":{"line":73,"column":3}},{"start":{},"end":{}}],"line":71},"10":{"loc":{"start":{"line":71,"column":6},"end":{"line":71,"column":63}},"type":"binary-expr","locations":[{"start":{"line":71,"column":6},"end":{"line":71,"column":11}},{"start":{"line":71,"column":15},"end":{"line":71,"column":63}}],"line":71},"11":{"loc":{"start":{"line":75,"column":2},"end":{"line":77,"column":3}},"type":"if","locations":[{"start":{"line":75,"column":2},"end":{"line":77,"column":3}},{"start":{},"end":{}}],"line":75}},"s":{"0":2,"1":2,"2":2,"3":2,"4":2,"5":2,"6":2,"7":2,"8":6,"9":6,"10":6,"11":1,"12":5,"13":1,"14":4,"15":4,"16":1,"17":3,"18":3,"19":3,"20":3,"21":3,"22":2,"23":6,"24":6,"25":6,"26":1,"27":5,"28":5,"29":5,"30":1,"31":4,"32":1,"33":3,"34":3,"35":3,"36":3,"37":2},"f":{"0":6,"1":6},"b":{"0":[1,5],"1":[1,5],"2":[6,5,5],"3":[1,4],"4":[1,3],"5":[3,1],"6":[1,5],"7":[1,5],"8":[6,5],"9":[1,4],"10":[5,4],"11":[1,3]},"_coverageSchema":"1a1c01bbd47fc00a2c39e90264f33305004495a9","hash":"625edd68f34b4cd1f738871bee60306e016a2e27"}
,"/home/engine/project/controllers/userController.js": {"path":"/home/engine/project/controllers/userController.js","statementMap":{"0":{"start":{"line":1,"column":11},"end":{"line":1,"column":40}},"1":{"start":{"line":2,"column":33},"end":{"line":2,"column":70}},"2":{"start":{"line":3,"column":17},"end":{"line":3,"column":44}},"3":{"start":{"line":4,"column":15},"end":{"line":4,"column":34}},"4":{"start":{"line":5,"column":18},"end":{"line":5,"column":42}},"5":{"start":{"line":7,"column":20},"end":{"line":40,"column":2}},"6":{"start":{"line":8,"column":41},"end":{"line":8,"column":50}},"7":{"start":{"line":10,"column":18},"end":{"line":15,"column":3}},"8":{"start":{"line":16,"column":22},"end":{"line":16,"column":24}},"9":{"start":{"line":18,"column":2},"end":{"line":21,"column":3}},"10":{"start":{"line":19,"column":4},"end":{"line":19,"column":32}},"11":{"start":{"line":20,"column":4},"end":{"line":20,"column":61}},"12":{"start":{"line":22,"column":2},"end":{"line":25,"column":3}},"13":{"start":{"line":23,"column":4},"end":{"line":23,"column":27}},"14":{"start":{"line":24,"column":4},"end":{"line":24,"column":56}},"15":{"start":{"line":26,"column":2},"end":{"line":29,"column":3}},"16":{"start":{"line":27,"column":4},"end":{"line":27,"column":32}},"17":{"start":{"line":28,"column":4},"end":{"line":28,"column":61}},"18":{"start":{"line":31,"column":17},"end":{"line":31,"column":55}},"19":{"start":{"line":33,"column":2},"end":{"line":39,"column":5}},"20":{"start":{"line":42,"column":20},"end":{"line":62,"column":2}},"21":{"start":{"line":43,"column":15},"end":{"line":43,"column":84}},"22":{"start":{"line":44,"column":17},"end":{"line":50,"column":3}},"23":{"start":{"line":52,"column":2},"end":{"line":54,"column":3}},"24":{"start":{"line":53,"column":4},"end":{"line":53,"column":87}},"25":{"start":{"line":56,"column":2},"end":{"line":61,"column":5}},"26":{"start":{"line":64,"column":19},"end":{"line":86,"column":2}},"27":{"start":{"line":65,"column":53},"end":{"line":65,"column":61}},"28":{"start":{"line":66,"column":15},"end":{"line":66,"column":84}},"29":{"start":{"line":68,"column":23},"end":{"line":68,"column":87}},"30":{"start":{"line":69,"column":2},"end":{"line":71,"column":3}},"31":{"start":{"line":70,"column":4},"end":{"line":70,"column":92}},"32":{"start":{"line":73,"column":25},"end":{"line":73,"column":76}},"33":{"start":{"line":75,"column":17},"end":{"line":78,"column":3}},"34":{"start":{"line":80,"column":2},"end":{"line":85,"column":5}},"35":{"start":{"line":88,"column":19},"end":{"line":107,"column":2}},"36":{"start":{"line":89,"column":41},"end":{"line":89,"column":49}},"37":{"start":{"line":90,"column":15},"end":{"line":90,"column":84}},"38":{"start":{"line":92,"column":17},"end":{"line":95,"column":3}},"39":{"start":{"line":97,"column":2},"end":{"line":99,"column":3}},"40":{"start":{"line":98,"column":4},"end":{"line":98,"column":87}},"41":{"start":{"line":101,"column":2},"end":{"line":106,"column":5}},"42":{"start":{"line":109,"column":19},"end":{"line":126,"column":2}},"43":{"start":{"line":110,"column":15},"end":{"line":110,"column":84}},"44":{"start":{"line":113,"column":17},"end":{"line":116,"column":3}},"45":{"start":{"line":118,"column":2},"end":{"line":120,"column":3}},"46":{"start":{"line":119,"column":4},"end":{"line":119,"column":87}},"47":{"start":{"line":122,"column":2},"end":{"line":125,"column":5}},"48":{"start":{"line":128,"column":23},"end":{"line":151,"column":2}},"49":{"start":{"line":129,"column":23},"end":{"line":129,"column":31}},"50":{"start":{"line":130,"column":15},"end":{"line":130,"column":84}},"51":{"start":{"line":132,"column":2},"end":{"line":134,"column":3}},"52":{"start":{"line":133,"column":4},"end":{"line":133,"column":75}},"53":{"start":{"line":136,"column":17},"end":{"line":139,"column":3}},"54":{"start":{"line":141,"column":2},"end":{"line":143,"column":3}},"55":{"start":{"line":142,"column":4},"end":{"line":142,"column":87}},"56":{"start":{"line":145,"column":2},"end":{"line":150,"column":5}},"57":{"start":{"line":153,"column":0},"end":{"line":160,"column":2}}},"fnMap":{"0":{"name":"(anonymous_0)","decl":{"start":{"line":7,"column":31},"end":{"line":7,"column":32}},"loc":{"start":{"line":7,"column":57},"end":{"line":40,"column":1}},"line":7},"1":{"name":"(anonymous_1)","decl":{"start":{"line":42,"column":31},"end":{"line":42,"column":32}},"loc":{"start":{"line":42,"column":57},"end":{"line":62,"column":1}},"line":42},"2":{"name":"(anonymous_2)","decl":{"start":{"line":64,"column":30},"end":{"line":64,"column":31}},"loc":{"start":{"line":64,"column":56},"end":{"line":86,"column":1}},"line":64},"3":{"name":"(anonymous_3)","decl":{"start":{"line":88,"column":30},"end":{"line":88,"column":31}},"loc":{"start":{"line":88,"column":56},"end":{"line":107,"column":1}},"line":88},"4":{"name":"(anonymous_4)","decl":{"start":{"line":109,"column":30},"end":{"line":109,"column":31}},"loc":{"start":{"line":109,"column":56},"end":{"line":126,"column":1}},"line":109},"5":{"name":"(anonymous_5)","decl":{"start":{"line":128,"column":34},"end":{"line":128,"column":35}},"loc":{"start":{"line":128,"column":60},"end":{"line":151,"column":1}},"line":128}},"branchMap":{"0":{"loc":{"start":{"line":18,"column":2},"end":{"line":21,"column":3}},"type":"if","locations":[{"start":{"line":18,"column":2},"end":{"line":21,"column":3}},{"start":{},"end":{}}],"line":18},"1":{"loc":{"start":{"line":22,"column":2},"end":{"line":25,"column":3}},"type":"if","locations":[{"start":{"line":22,"column":2},"end":{"line":25,"column":3}},{"start":{},"end":{}}],"line":22},"2":{"loc":{"start":{"line":26,"column":2},"end":{"line":29,"column":3}},"type":"if","locations":[{"start":{"line":26,"column":2},"end":{"line":29,"column":3}},{"start":{},"end":{}}],"line":26},"3":{"loc":{"start":{"line":43,"column":15},"end":{"line":43,"column":84}},"type":"cond-expr","locations":[{"start":{"line":43,"column":66},"end":{"line":43,"column":72}},{"start":{"line":43,"column":75},"end":{"line":43,"column":84}}],"line":43},"4":{"loc":{"start":{"line":52,"column":2},"end":{"line":54,"column":3}},"type":"if","locations":[{"start":{"line":52,"column":2},"end":{"line":54,"column":3}},{"start":{},"end":{}}],"line":52},"5":{"loc":{"start":{"line":66,"column":15},"end":{"line":66,"column":84}},"type":"cond-expr","locations":[{"start":{"line":66,"column":66},"end":{"line":66,"column":72}},{"start":{"line":66,"column":75},"end":{"line":66,"column":84}}],"line":66},"6":{"loc":{"start":{"line":69,"column":2},"end":{"line":71,"column":3}},"type":"if","locations":[{"start":{"line":69,"column":2},"end":{"line":71,"column":3}},{"start":{},"end":{}}],"line":69},"7":{"loc":{"start":{"line":77,"column":45},"end":{"line":77,"column":60}},"type":"binary-expr","locations":[{"start":{"line":77,"column":45},"end":{"line":77,"column":49}},{"start":{"line":77,"column":53},"end":{"line":77,"column":60}}],"line":77},"8":{"loc":{"start":{"line":90,"column":15},"end":{"line":90,"column":84}},"type":"cond-expr","locations":[{"start":{"line":90,"column":66},"end":{"line":90,"column":72}},{"start":{"line":90,"column":75},"end":{"line":90,"column":84}}],"line":90},"9":{"loc":{"start":{"line":97,"column":2},"end":{"line":99,"column":3}},"type":"if","locations":[{"start":{"line":97,"column":2},"end":{"line":99,"column":3}},{"start":{},"end":{}}],"line":97},"10":{"loc":{"start":{"line":110,"column":15},"end":{"line":110,"column":84}},"type":"cond-expr","locations":[{"start":{"line":110,"column":66},"end":{"line":110,"column":72}},{"start":{"line":110,"column":75},"end":{"line":110,"column":84}}],"line":110},"11":{"loc":{"start":{"line":118,"column":2},"end":{"line":120,"column":3}},"type":"if","locations":[{"start":{"line":118,"column":2},"end":{"line":120,"column":3}},{"start":{},"end":{}}],"line":118},"12":{"loc":{"start":{"line":130,"column":15},"end":{"line":130,"column":84}},"type":"cond-expr","locations":[{"start":{"line":130,"column":66},"end":{"line":130,"column":72}},{"start":{"line":130,"column":75},"end":{"line":130,"column":84}}],"line":130},"13":{"loc":{"start":{"line":132,"column":2},"end":{"line":134,"column":3}},"type":"if","locations":[{"start":{"line":132,"column":2},"end":{"line":134,"column":3}},{"start":{},"end":{}}],"line":132},"14":{"loc":{"start":{"line":141,"column":2},"end":{"line":143,"column":3}},"type":"if","locations":[{"start":{"line":141,"column":2},"end":{"line":143,"column":3}},{"start":{},"end":{}}],"line":141}},"s":{"0":1,"1":1,"2":1,"3":1,"4":1,"5":1,"6":2,"7":2,"8":2,"9":2,"10":1,"11":1,"12":2,"13":1,"14":1,"15":2,"16":1,"17":1,"18":2,"19":2,"20":1,"21":2,"22":2,"23":2,"24":1,"25":1,"26":1,"27":2,"28":2,"29":2,"30":2,"31":1,"32":1,"33":1,"34":1,"35":1,"36":2,"37":2,"38":2,"39":2,"40":1,"41":1,"42":1,"43":2,"44":2,"45":2,"46":1,"47":1,"48":1,"49":3,"50":3,"51":3,"52":1,"53":2,"54":2,"55":1,"56":1,"57":1},"f":{"0":2,"1":2,"2":2,"3":2,"4":2,"5":3},"b":{"0":[1,1],"1":[1,1],"2":[1,1],"3":[0,2],"4":[1,1],"5":[0,2],"6":[1,1],"7":[1,0],"8":[0,2],"9":[1,1],"10":[0,2],"11":[1,1],"12":[0,3],"13":[1,2],"14":[1,1]},"_coverageSchema":"1a1c01bbd47fc00a2c39e90264f33305004495a9","hash":"4fddcc4c1aabeed343d3fc0a5fd3353119b1c658"}
,"/home/engine/project/middleware/auth.js": {"path":"/home/engine/project/middleware/auth.js","statementMap":{"0":{"start":{"line":1,"column":12},"end":{"line":1,"column":35}},"1":{"start":{"line":2,"column":18},"end":{"line":2,"column":42}},"2":{"start":{"line":3,"column":33},"end":{"line":3,"column":58}},"3":{"start":{"line":4,"column":17},"end":{"line":4,"column":44}},"4":{"start":{"line":5,"column":11},"end":{"line":5,"column":40}},"5":{"start":{"line":7,"column":26},"end":{"line":45,"column":2}},"6":{"start":{"line":9,"column":2},"end":{"line":11,"column":3}},"7":{"start":{"line":10,"column":4},"end":{"line":10,"column":52}},"8":{"start":{"line":13,"column":15},"end":{"line":13,"column":84}},"9":{"start":{"line":15,"column":2},"end":{"line":17,"column":3}},"10":{"start":{"line":16,"column":4},"end":{"line":16,"column":85}},"11":{"start":{"line":19,"column":2},"end":{"line":44,"column":3}},"12":{"start":{"line":20,"column":20},"end":{"line":20,"column":55}},"13":{"start":{"line":23,"column":23},"end":{"line":26,"column":5}},"14":{"start":{"line":28,"column":4},"end":{"line":30,"column":5}},"15":{"start":{"line":29,"column":6},"end":{"line":29,"column":89}},"16":{"start":{"line":32,"column":17},"end":{"line":32,"column":35}},"17":{"start":{"line":33,"column":4},"end":{"line":35,"column":5}},"18":{"start":{"line":34,"column":6},"end":{"line":34,"column":88}},"19":{"start":{"line":37,"column":4},"end":{"line":37,"column":20}},"20":{"start":{"line":38,"column":4},"end":{"line":38,"column":11}},"21":{"start":{"line":40,"column":4},"end":{"line":42,"column":5}},"22":{"start":{"line":41,"column":6},"end":{"line":41,"column":88}},"23":{"start":{"line":43,"column":4},"end":{"line":43,"column":86}},"24":{"start":{"line":47,"column":0},"end":{"line":49,"column":2}}},"fnMap":{"0":{"name":"(anonymous_0)","decl":{"start":{"line":7,"column":37},"end":{"line":7,"column":38}},"loc":{"start":{"line":7,"column":63},"end":{"line":45,"column":1}},"line":7}},"branchMap":{"0":{"loc":{"start":{"line":9,"column":2},"end":{"line":11,"column":3}},"type":"if","locations":[{"start":{"line":9,"column":2},"end":{"line":11,"column":3}},{"start":{},"end":{}}],"line":9},"1":{"loc":{"start":{"line":9,"column":6},"end":{"line":9,"column":81}},"type":"binary-expr","locations":[{"start":{"line":9,"column":6},"end":{"line":9,"column":31}},{"start":{"line":9,"column":35},"end":{"line":9,"column":81}}],"line":9},"2":{"loc":{"start":{"line":13,"column":15},"end":{"line":13,"column":84}},"type":"cond-expr","locations":[{"start":{"line":13,"column":66},"end":{"line":13,"column":72}},{"start":{"line":13,"column":75},"end":{"line":13,"column":84}}],"line":13},"3":{"loc":{"start":{"line":15,"column":2},"end":{"line":17,"column":3}},"type":"if","locations":[{"start":{"line":15,"column":2},"end":{"line":17,"column":3}},{"start":{},"end":{}}],"line":15},"4":{"loc":{"start":{"line":28,"column":4},"end":{"line":30,"column":5}},"type":"if","locations":[{"start":{"line":28,"column":4},"end":{"line":30,"column":5}},{"start":{},"end":{}}],"line":28},"5":{"loc":{"start":{"line":33,"column":4},"end":{"line":35,"column":5}},"type":"if","locations":[{"start":{"line":33,"column":4},"end":{"line":35,"column":5}},{"start":{},"end":{}}],"line":33},"6":{"loc":{"start":{"line":40,"column":4},"end":{"line":42,"column":5}},"type":"if","locations":[{"start":{"line":40,"column":4},"end":{"line":42,"column":5}},{"start":{},"end":{}}],"line":40}},"s":{"0":1,"1":1,"2":1,"3":1,"4":1,"5":1,"6":8,"7":6,"8":8,"9":8,"10":2,"11":6,"12":6,"13":4,"14":4,"15":1,"16":3,"17":3,"18":1,"19":2,"20":2,"21":2,"22":1,"23":1,"24":1},"f":{"0":8},"b":{"0":[6,2],"1":[8,7],"2":[1,7],"3":[2,6],"4":[1,3],"5":[1,2],"6":[1,1]},"_coverageSchema":"1a1c01bbd47fc00a2c39e90264f33305004495a9","hash":"9d423c2d67840d4c2ba1548608c377c2fd572f0a"}
,"/home/engine/project/middleware/authorization.js": {"path":"/home/engine/project/middleware/authorization.js","statementMap":{"0":{"start":{"line":1,"column":21},"end":{"line":1,"column":46}},"1":{"start":{"line":2,"column":17},"end":{"line":2,"column":44}},"2":{"start":{"line":3,"column":18},"end":{"line":3,"column":48}},"3":{"start":{"line":5,"column":20},"end":{"line":14,"column":1}},"4":{"start":{"line":6,"column":2},"end":{"line":13,"column":4}},"5":{"start":{"line":7,"column":17},"end":{"line":7,"column":86}},"6":{"start":{"line":9,"column":4},"end":{"line":11,"column":5}},"7":{"start":{"line":10,"column":6},"end":{"line":10,"column":81}},"8":{"start":{"line":12,"column":4},"end":{"line":12,"column":11}},"9":{"start":{"line":16,"column":21},"end":{"line":16,"column":51}},"10":{"start":{"line":16,"column":27},"end":{"line":16,"column":51}},"11":{"start":{"line":18,"column":31},"end":{"line":28,"column":1}},"12":{"start":{"line":19,"column":2},"end":{"line":27,"column":4}},"13":{"start":{"line":20,"column":17},"end":{"line":20,"column":86}},"14":{"start":{"line":21,"column":19},"end":{"line":21,"column":42}},"15":{"start":{"line":23,"column":4},"end":{"line":25,"column":5}},"16":{"start":{"line":24,"column":6},"end":{"line":24,"column":81}},"17":{"start":{"line":26,"column":4},"end":{"line":26,"column":11}},"18":{"start":{"line":30,"column":0},"end":{"line":34,"column":2}}},"fnMap":{"0":{"name":"(anonymous_0)","decl":{"start":{"line":5,"column":20},"end":{"line":5,"column":21}},"loc":{"start":{"line":5,"column":30},"end":{"line":14,"column":1}},"line":5},"1":{"name":"(anonymous_1)","decl":{"start":{"line":6,"column":9},"end":{"line":6,"column":10}},"loc":{"start":{"line":6,"column":29},"end":{"line":13,"column":3}},"line":6},"2":{"name":"(anonymous_2)","decl":{"start":{"line":16,"column":21},"end":{"line":16,"column":22}},"loc":{"start":{"line":16,"column":27},"end":{"line":16,"column":51}},"line":16},"3":{"name":"(anonymous_3)","decl":{"start":{"line":18,"column":31},"end":{"line":18,"column":32}},"loc":{"start":{"line":18,"column":37},"end":{"line":28,"column":1}},"line":18},"4":{"name":"(anonymous_4)","decl":{"start":{"line":19,"column":9},"end":{"line":19,"column":10}},"loc":{"start":{"line":19,"column":29},"end":{"line":27,"column":3}},"line":19}},"branchMap":{"0":{"loc":{"start":{"line":7,"column":17},"end":{"line":7,"column":86}},"type":"cond-expr","locations":[{"start":{"line":7,"column":68},"end":{"line":7,"column":74}},{"start":{"line":7,"column":77},"end":{"line":7,"column":86}}],"line":7},"1":{"loc":{"start":{"line":9,"column":4},"end":{"line":11,"column":5}},"type":"if","locations":[{"start":{"line":9,"column":4},"end":{"line":11,"column":5}},{"start":{},"end":{}}],"line":9},"2":{"loc":{"start":{"line":20,"column":17},"end":{"line":20,"column":86}},"type":"cond-expr","locations":[{"start":{"line":20,"column":68},"end":{"line":20,"column":74}},{"start":{"line":20,"column":77},"end":{"line":20,"column":86}}],"line":20},"3":{"loc":{"start":{"line":23,"column":4},"end":{"line":25,"column":5}},"type":"if","locations":[{"start":{"line":23,"column":4},"end":{"line":25,"column":5}},{"start":{},"end":{}}],"line":23},"4":{"loc":{"start":{"line":23,"column":8},"end":{"line":23,"column":63}},"type":"binary-expr","locations":[{"start":{"line":23,"column":8},"end":{"line":23,"column":37}},{"start":{"line":23,"column":41},"end":{"line":23,"column":63}}],"line":23}},"s":{"0":0,"1":0,"2":0,"3":0,"4":0,"5":0,"6":0,"7":0,"8":0,"9":0,"10":0,"11":0,"12":0,"13":0,"14":0,"15":0,"16":0,"17":0,"18":0},"f":{"0":0,"1":0,"2":0,"3":0,"4":0},"b":{"0":[0,0],"1":[0,0],"2":[0,0],"3":[0,0],"4":[0,0]}}
,"/home/engine/project/middleware/errorHandler.js": {"path":"/home/engine/project/middleware/errorHandler.js","statementMap":{"0":{"start":{"line":1,"column":17},"end":{"line":1,"column":44}},"1":{"start":{"line":5,"column":4},"end":{"line":5,"column":19}},"2":{"start":{"line":6,"column":4},"end":{"line":6,"column":33}},"3":{"start":{"line":7,"column":4},"end":{"line":7,"column":69}},"4":{"start":{"line":8,"column":4},"end":{"line":8,"column":31}},"5":{"start":{"line":9,"column":4},"end":{"line":9,"column":30}},"6":{"start":{"line":11,"column":4},"end":{"line":11,"column":52}},"7":{"start":{"line":15,"column":21},"end":{"line":44,"column":1}},"8":{"start":{"line":16,"column":2},"end":{"line":16,"column":41}},"9":{"start":{"line":17,"column":2},"end":{"line":17,"column":37}},"10":{"start":{"line":19,"column":15},"end":{"line":19,"column":84}},"11":{"start":{"line":21,"column":17},"end":{"line":25,"column":3}},"12":{"start":{"line":27,"column":2},"end":{"line":29,"column":3}},"13":{"start":{"line":28,"column":4},"end":{"line":28,"column":31}},"14":{"start":{"line":32,"column":2},"end":{"line":36,"column":3}},"15":{"start":{"line":33,"column":4},"end":{"line":33,"column":25}},"16":{"start":{"line":34,"column":4},"end":{"line":34,"column":56}},"17":{"start":{"line":35,"column":4},"end":{"line":35,"column":37}},"18":{"start":{"line":37,"column":2},"end":{"line":41,"column":3}},"19":{"start":{"line":38,"column":4},"end":{"line":38,"column":25}},"20":{"start":{"line":39,"column":4},"end":{"line":39,"column":56}},"21":{"start":{"line":40,"column":4},"end":{"line":40,"column":37}},"22":{"start":{"line":43,"column":2},"end":{"line":43,"column":44}},"23":{"start":{"line":46,"column":19},"end":{"line":50,"column":1}},"24":{"start":{"line":47,"column":2},"end":{"line":49,"column":4}},"25":{"start":{"line":48,"column":4},"end":{"line":48,"column":35}},"26":{"start":{"line":52,"column":17},"end":{"line":55,"column":1}},"27":{"start":{"line":53,"column":15},"end":{"line":53,"column":84}},"28":{"start":{"line":54,"column":2},"end":{"line":54,"column":71}},"29":{"start":{"line":57,"column":0},"end":{"line":62,"column":2}}},"fnMap":{"0":{"name":"(anonymous_0)","decl":{"start":{"line":4,"column":2},"end":{"line":4,"column":3}},"loc":{"start":{"line":4,"column":53},"end":{"line":12,"column":3}},"line":4},"1":{"name":"(anonymous_1)","decl":{"start":{"line":15,"column":21},"end":{"line":15,"column":22}},"loc":{"start":{"line":15,"column":46},"end":{"line":44,"column":1}},"line":15},"2":{"name":"(anonymous_2)","decl":{"start":{"line":46,"column":19},"end":{"line":46,"column":20}},"loc":{"start":{"line":46,"column":27},"end":{"line":50,"column":1}},"line":46},"3":{"name":"(anonymous_3)","decl":{"start":{"line":47,"column":9},"end":{"line":47,"column":10}},"loc":{"start":{"line":47,"column":29},"end":{"line":49,"column":3}},"line":47},"4":{"name":"(anonymous_4)","decl":{"start":{"line":52,"column":17},"end":{"line":52,"column":18}},"loc":{"start":{"line":52,"column":37},"end":{"line":55,"column":1}},"line":52}},"branchMap":{"0":{"loc":{"start":{"line":4,"column":35},"end":{"line":4,"column":51}},"type":"default-arg","locations":[{"start":{"line":4,"column":47},"end":{"line":4,"column":51}}],"line":4},"1":{"loc":{"start":{"line":7,"column":18},"end":{"line":7,"column":68}},"type":"cond-expr","locations":[{"start":{"line":7,"column":52},"end":{"line":7,"column":58}},{"start":{"line":7,"column":61},"end":{"line":7,"column":68}}],"line":7},"2":{"loc":{"start":{"line":16,"column":19},"end":{"line":16,"column":40}},"type":"binary-expr","locations":[{"start":{"line":16,"column":19},"end":{"line":16,"column":33}},{"start":{"line":16,"column":37},"end":{"line":16,"column":40}}],"line":16},"3":{"loc":{"start":{"line":17,"column":15},"end":{"line":17,"column":36}},"type":"binary-expr","locations":[{"start":{"line":17,"column":15},"end":{"line":17,"column":25}},{"start":{"line":17,"column":29},"end":{"line":17,"column":36}}],"line":17},"4":{"loc":{"start":{"line":19,"column":15},"end":{"line":19,"column":84}},"type":"cond-expr","locations":[{"start":{"line":19,"column":66},"end":{"line":19,"column":72}},{"start":{"line":19,"column":75},"end":{"line":19,"column":84}}],"line":19},"5":{"loc":{"start":{"line":27,"column":2},"end":{"line":29,"column":3}},"type":"if","locations":[{"start":{"line":27,"column":2},"end":{"line":29,"column":3}},{"start":{},"end":{}}],"line":27},"6":{"loc":{"start":{"line":32,"column":2},"end":{"line":36,"column":3}},"type":"if","locations":[{"start":{"line":32,"column":2},"end":{"line":36,"column":3}},{"start":{},"end":{}}],"line":32},"7":{"loc":{"start":{"line":37,"column":2},"end":{"line":41,"column":3}},"type":"if","locations":[{"start":{"line":37,"column":2},"end":{"line":41,"column":3}},{"start":{},"end":{}}],"line":37},"8":{"loc":{"start":{"line":53,"column":15},"end":{"line":53,"column":84}},"type":"cond-expr","locations":[{"start":{"line":53,"column":66},"end":{"line":53,"column":72}},{"start":{"line":53,"column":75},"end":{"line":53,"column":84}}],"line":53}},"s":{"0":2,"1":13,"2":13,"3":13,"4":13,"5":13,"6":13,"7":2,"8":8,"9":8,"10":8,"11":8,"12":8,"13":0,"14":8,"15":0,"16":0,"17":0,"18":8,"19":0,"20":0,"21":0,"22":8,"23":2,"24":3,"25":18,"26":2,"27":1,"28":1,"29":2},"f":{"0":13,"1":8,"2":3,"3":18,"4":1},"b":{"0":[0],"1":[13,0],"2":[8,0],"3":[8,0],"4":[0,8],"5":[0,8],"6":[0,8],"7":[0,8],"8":[0,1]},"_coverageSchema":"1a1c01bbd47fc00a2c39e90264f33305004495a9","hash":"1bc1b73ae1c3fb042d7457fca5d2d12f733833e6"}
,"/home/engine/project/routes/authRoutes.js": {"path":"/home/engine/project/routes/authRoutes.js","statementMap":{"0":{"start":{"line":1,"column":16},"end":{"line":1,"column":34}},"1":{"start":{"line":2,"column":23},"end":{"line":2,"column":63}},"2":{"start":{"line":4,"column":15},"end":{"line":4,"column":31}},"3":{"start":{"line":6,"column":0},"end":{"line":6,"column":50}},"4":{"start":{"line":7,"column":0},"end":{"line":7,"column":44}},"5":{"start":{"line":9,"column":0},"end":{"line":9,"column":24}}},"fnMap":{},"branchMap":{},"s":{"0":0,"1":0,"2":0,"3":0,"4":0,"5":0},"f":{},"b":{}}
,"/home/engine/project/routes/userRoutes.js": {"path":"/home/engine/project/routes/userRoutes.js","statementMap":{"0":{"start":{"line":1,"column":16},"end":{"line":1,"column":34}},"1":{"start":{"line":2,"column":23},"end":{"line":2,"column":63}},"2":{"start":{"line":3,"column":30},"end":{"line":3,"column":59}},"3":{"start":{"line":4,"column":49},"end":{"line":4,"column":87}},"4":{"start":{"line":6,"column":15},"end":{"line":6,"column":31}},"5":{"start":{"line":8,"column":0},"end":{"line":8,"column":30}},"6":{"start":{"line":10,"column":0},"end":{"line":10,"column":60}},"7":{"start":{"line":11,"column":0},"end":{"line":11,"column":60}},"8":{"start":{"line":12,"column":0},"end":{"line":12,"column":73}},"9":{"start":{"line":13,"column":0},"end":{"line":13,"column":72}},"10":{"start":{"line":14,"column":0},"end":{"line":14,"column":65}},"11":{"start":{"line":15,"column":0},"end":{"line":15,"column":71}},"12":{"start":{"line":17,"column":0},"end":{"line":17,"column":24}}},"fnMap":{},"branchMap":{},"s":{"0":0,"1":0,"2":0,"3":0,"4":0,"5":0,"6":0,"7":0,"8":0,"9":0,"10":0,"11":0,"12":0},"f":{},"b":{}}
}
