TN:
SF:config/constants.js
FNF:0
FNH:0
DA:1,1
LF:1
LH:1
BRF:0
BRH:0
end_of_record
TN:
SF:config/database.js
FN:12,(anonymous_0)
FN:27,(anonymous_1)
FN:42,(anonymous_2)
FNF:3
FNH:3
FNDA:5,(anonymous_0)
FNDA:2,(anonymous_1)
FNDA:2,(anonymous_2)
DA:1,1
DA:2,1
DA:4,1
DA:12,1
DA:13,5
DA:14,5
DA:15,5
DA:16,3
DA:17,3
DA:18,1
DA:20,3
DA:22,2
DA:23,2
DA:27,1
DA:28,2
DA:29,2
DA:30,2
DA:31,2
DA:32,1
DA:33,1
DA:35,1
DA:36,1
DA:38,2
DA:42,1
DA:43,2
DA:44,2
DA:45,1
DA:46,1
DA:48,1
DA:49,1
DA:53,1
LF:31
LH:31
BRDA:17,0,0,1
BRDA:17,0,1,2
BRF:2
BRH:2
end_of_record
TN:
SF:config/jwt.js
FNF:0
FNH:0
DA:1,1
DA:3,1
LF:2
LH:2
BRDA:4,0,0,1
BRDA:4,0,1,0
BRDA:5,1,0,1
BRDA:5,1,1,0
BRDA:6,2,0,1
BRDA:6,2,1,0
BRF:6
BRH:3
end_of_record
TN:
SF:controllers/authController.js
FN:9,(anonymous_0)
FN:56,(anonymous_1)
FNF:2
FNH:2
FNDA:6,(anonymous_0)
FNDA:6,(anonymous_1)
DA:1,2
DA:2,2
DA:3,2
DA:4,2
DA:5,2
DA:6,2
DA:7,2
DA:9,2
DA:10,6
DA:11,6
DA:14,6
DA:15,1
DA:19,5
DA:20,1
DA:24,4
DA:25,4
DA:26,1
DA:30,3
DA:33,3
DA:34,3
DA:40,3
DA:46,3
DA:56,2
DA:57,6
DA:58,6
DA:60,6
DA:61,1
DA:64,5
DA:69,5
DA:71,5
DA:72,1
DA:75,4
DA:76,1
DA:80,3
DA:83,3
DA:90,3
DA:92,3
DA:102,2
LF:38
LH:38
BRDA:11,0,0,1
BRDA:11,0,1,5
BRDA:14,1,0,1
BRDA:14,1,1,5
BRDA:14,2,0,6
BRDA:14,2,1,5
BRDA:14,2,2,5
BRDA:19,3,0,1
BRDA:19,3,1,4
BRDA:25,4,0,1
BRDA:25,4,1,3
BRDA:33,5,0,3
BRDA:33,5,1,1
BRDA:58,6,0,1
BRDA:58,6,1,5
BRDA:60,7,0,1
BRDA:60,7,1,5
BRDA:60,8,0,6
BRDA:60,8,1,5
BRDA:71,9,0,1
BRDA:71,9,1,4
BRDA:71,10,0,5
BRDA:71,10,1,4
BRDA:75,11,0,1
BRDA:75,11,1,3
BRF:25
BRH:25
end_of_record
TN:
SF:controllers/userController.js
FN:7,(anonymous_0)
FN:42,(anonymous_1)
FN:64,(anonymous_2)
FN:88,(anonymous_3)
FN:109,(anonymous_4)
FN:128,(anonymous_5)
FNF:6
FNH:6
FNDA:2,(anonymous_0)
FNDA:2,(anonymous_1)
FNDA:2,(anonymous_2)
FNDA:2,(anonymous_3)
FNDA:2,(anonymous_4)
FNDA:3,(anonymous_5)
DA:1,1
DA:2,1
DA:3,1
DA:4,1
DA:5,1
DA:7,1
DA:8,2
DA:10,2
DA:16,2
DA:18,2
DA:19,1
DA:20,1
DA:22,2
DA:23,1
DA:24,1
DA:26,2
DA:27,1
DA:28,1
DA:31,2
DA:33,2
DA:42,1
DA:43,2
DA:44,2
DA:52,2
DA:53,1
DA:56,1
DA:64,1
DA:65,2
DA:66,2
DA:68,2
DA:69,2
DA:70,1
DA:73,1
DA:75,1
DA:80,1
DA:88,1
DA:89,2
DA:90,2
DA:92,2
DA:97,2
DA:98,1
DA:101,1
DA:109,1
DA:110,2
DA:113,2
DA:118,2
DA:119,1
DA:122,1
DA:128,1
DA:129,3
DA:130,3
DA:132,3
DA:133,1
DA:136,2
DA:141,2
DA:142,1
DA:145,1
DA:153,1
LF:58
LH:58
BRDA:18,0,0,1
BRDA:18,0,1,1
BRDA:22,1,0,1
BRDA:22,1,1,1
BRDA:26,2,0,1
BRDA:26,2,1,1
BRDA:43,3,0,0
BRDA:43,3,1,2
BRDA:52,4,0,1
BRDA:52,4,1,1
BRDA:66,5,0,0
BRDA:66,5,1,2
BRDA:69,6,0,1
BRDA:69,6,1,1
BRDA:77,7,0,1
BRDA:77,7,1,0
BRDA:90,8,0,0
BRDA:90,8,1,2
BRDA:97,9,0,1
BRDA:97,9,1,1
BRDA:110,10,0,0
BRDA:110,10,1,2
BRDA:118,11,0,1
BRDA:118,11,1,1
BRDA:130,12,0,0
BRDA:130,12,1,3
BRDA:132,13,0,1
BRDA:132,13,1,2
BRDA:141,14,0,1
BRDA:141,14,1,1
BRF:30
BRH:24
end_of_record
TN:
SF:middleware/auth.js
FN:7,(anonymous_0)
FNF:1
FNH:1
FNDA:8,(anonymous_0)
DA:1,1
DA:2,1
DA:3,1
DA:4,1
DA:5,1
DA:7,1
DA:9,8
DA:10,6
DA:13,8
DA:15,8
DA:16,2
DA:19,6
DA:20,6
DA:23,4
DA:28,4
DA:29,1
DA:32,3
DA:33,3
DA:34,1
DA:37,2
DA:38,2
DA:40,2
DA:41,1
DA:43,1
DA:47,1
LF:25
LH:25
BRDA:9,0,0,6
BRDA:9,0,1,2
BRDA:9,1,0,8
BRDA:9,1,1,7
BRDA:13,2,0,1
BRDA:13,2,1,7
BRDA:15,3,0,2
BRDA:15,3,1,6
BRDA:28,4,0,1
BRDA:28,4,1,3
BRDA:33,5,0,1
BRDA:33,5,1,2
BRDA:40,6,0,1
BRDA:40,6,1,1
BRF:14
BRH:14
end_of_record
TN:
SF:middleware/authorization.js
FN:5,(anonymous_0)
FN:6,(anonymous_1)
FN:16,(anonymous_2)
FN:18,(anonymous_3)
FN:19,(anonymous_4)
FNF:5
FNH:0
FNDA:0,(anonymous_0)
FNDA:0,(anonymous_1)
FNDA:0,(anonymous_2)
FNDA:0,(anonymous_3)
FNDA:0,(anonymous_4)
DA:1,0
DA:2,0
DA:3,0
DA:5,0
DA:6,0
DA:7,0
DA:9,0
DA:10,0
DA:12,0
DA:16,0
DA:18,0
DA:19,0
DA:20,0
DA:21,0
DA:23,0
DA:24,0
DA:26,0
DA:30,0
LF:18
LH:0
BRDA:7,0,0,0
BRDA:7,0,1,0
BRDA:9,1,0,0
BRDA:9,1,1,0
BRDA:20,2,0,0
BRDA:20,2,1,0
BRDA:23,3,0,0
BRDA:23,3,1,0
BRDA:23,4,0,0
BRDA:23,4,1,0
BRF:10
BRH:0
end_of_record
TN:
SF:middleware/errorHandler.js
FN:4,(anonymous_0)
FN:15,(anonymous_1)
FN:46,(anonymous_2)
FN:47,(anonymous_3)
FN:52,(anonymous_4)
FNF:5
FNH:5
FNDA:13,(anonymous_0)
FNDA:8,(anonymous_1)
FNDA:3,(anonymous_2)
FNDA:18,(anonymous_3)
FNDA:1,(anonymous_4)
DA:1,2
DA:5,13
DA:6,13
DA:7,13
DA:8,13
DA:9,13
DA:11,13
DA:15,2
DA:16,8
DA:17,8
DA:19,8
DA:21,8
DA:27,8
DA:28,0
DA:32,8
DA:33,0
DA:34,0
DA:35,0
DA:37,8
DA:38,0
DA:39,0
DA:40,0
DA:43,8
DA:46,2
DA:47,3
DA:48,18
DA:52,2
DA:53,1
DA:54,1
DA:57,2
LF:30
LH:23
BRDA:4,0,0,0
BRDA:7,1,0,13
BRDA:7,1,1,0
BRDA:16,2,0,8
BRDA:16,2,1,0
BRDA:17,3,0,8
BRDA:17,3,1,0
BRDA:19,4,0,0
BRDA:19,4,1,8
BRDA:27,5,0,0
BRDA:27,5,1,8
BRDA:32,6,0,0
BRDA:32,6,1,8
BRDA:37,7,0,0
BRDA:37,7,1,8
BRDA:53,8,0,0
BRDA:53,8,1,1
BRF:17
BRH:8
end_of_record
TN:
SF:routes/authRoutes.js
FNF:0
FNH:0
DA:1,0
DA:2,0
DA:4,0
DA:6,0
DA:7,0
DA:9,0
LF:6
LH:0
BRF:0
BRH:0
end_of_record
TN:
SF:routes/userRoutes.js
FNF:0
FNH:0
DA:1,0
DA:2,0
DA:3,0
DA:4,0
DA:6,0
DA:8,0
DA:10,0
DA:11,0
DA:12,0
DA:13,0
DA:14,0
DA:15,0
DA:17,0
LF:13
LH:0
BRF:0
BRH:0
end_of_record
